This is pdfTeX, Version 3.14159265-2.6-1.40.19 (TeX Live 2018/W32TeX) (preloaded format=pdflatex 2019.3.5)  24 MAR 2019 18:29
entering extended mode
 restricted \write18 enabled.
 %&-line parsing enabled.
**hm03_navigator_1
(./hm03_navigator_1.tex
LaTeX2e <2018-04-01> patch level 2
Babel <3.18> and hyphenation patterns for 84 language(s) loaded.
(c:/ProgramPool/texlive/2018/texmf-dist/tex/latex/base/article.cls
Document Class: article 2014/09/29 v1.4h Standard LaTeX document class
(c:/ProgramPool/texlive/2018/texmf-dist/tex/latex/base/size12.clo
File: size12.clo 2014/09/29 v1.4h Standard LaTeX file (size option)
)
\c@part=\count80
\c@section=\count81
\c@subsection=\count82
\c@subsubsection=\count83
\c@paragraph=\count84
\c@subparagraph=\count85
\c@figure=\count86
\c@table=\count87
\abovecaptionskip=\skip41
\belowcaptionskip=\skip42
\bibindent=\dimen102
)
(./preamble.tex
(c:/ProgramPool/texlive/2018/texmf-dist/tex/latex/graphics/graphicx.sty
Package: graphicx 2017/06/01 v1.1a Enhanced LaTeX Graphics (DPC,SPQR)

(c:/ProgramPool/texlive/2018/texmf-dist/tex/latex/graphics/keyval.sty
Package: keyval 2014/10/28 v1.15 key=value parser (DPC)
\KV@toks@=\toks14
)
(c:/ProgramPool/texlive/2018/texmf-dist/tex/latex/graphics/graphics.sty
Package: graphics 2017/06/25 v1.2c Standard LaTeX Graphics (DPC,SPQR)

(c:/ProgramPool/texlive/2018/texmf-dist/tex/latex/graphics/trig.sty
Package: trig 2016/01/03 v1.10 sin cos tan (DPC)
)
(c:/ProgramPool/texlive/2018/texmf-dist/tex/latex/graphics-cfg/graphics.cfg
File: graphics.cfg 2016/06/04 v1.11 sample graphics configuration
)
Package graphics Info: Driver file: pdftex.def on input line 99.

(c:/ProgramPool/texlive/2018/texmf-dist/tex/latex/graphics-def/pdftex.def
File: pdftex.def 2018/01/08 v1.0l Graphics/color driver for pdftex
))
\Gin@req@height=\dimen103
\Gin@req@width=\dimen104
)
(c:/ProgramPool/texlive/2018/texmf-dist/tex/latex/amsmath/amsmath.sty
Package: amsmath 2017/09/02 v2.17a AMS math features
\@mathmargin=\skip43

For additional information on amsmath, use the `?' option.
(c:/ProgramPool/texlive/2018/texmf-dist/tex/latex/amsmath/amstext.sty
Package: amstext 2000/06/29 v2.01 AMS text

(c:/ProgramPool/texlive/2018/texmf-dist/tex/latex/amsmath/amsgen.sty
File: amsgen.sty 1999/11/30 v2.0 generic functions
\@emptytoks=\toks15
\ex@=\dimen105
))
(c:/ProgramPool/texlive/2018/texmf-dist/tex/latex/amsmath/amsbsy.sty
Package: amsbsy 1999/11/29 v1.2d Bold Symbols
\pmbraise@=\dimen106
)
(c:/ProgramPool/texlive/2018/texmf-dist/tex/latex/amsmath/amsopn.sty
Package: amsopn 2016/03/08 v2.02 operator names
)
\inf@bad=\count88
LaTeX Info: Redefining \frac on input line 213.
\uproot@=\count89
\leftroot@=\count90
LaTeX Info: Redefining \overline on input line 375.
\classnum@=\count91
\DOTSCASE@=\count92
LaTeX Info: Redefining \ldots on input line 472.
LaTeX Info: Redefining \dots on input line 475.
LaTeX Info: Redefining \cdots on input line 596.
\Mathstrutbox@=\box26
\strutbox@=\box27
\big@size=\dimen107
LaTeX Font Info:    Redeclaring font encoding OML on input line 712.
LaTeX Font Info:    Redeclaring font encoding OMS on input line 713.
\macc@depth=\count93
\c@MaxMatrixCols=\count94
\dotsspace@=\muskip10
\c@parentequation=\count95
\dspbrk@lvl=\count96
\tag@help=\toks16
\row@=\count97
\column@=\count98
\maxfields@=\count99
\andhelp@=\toks17
\eqnshift@=\dimen108
\alignsep@=\dimen109
\tagshift@=\dimen110
\tagwidth@=\dimen111
\totwidth@=\dimen112
\lineht@=\dimen113
\@envbody=\toks18
\multlinegap=\skip44
\multlinetaggap=\skip45
\mathdisplay@stack=\toks19
LaTeX Info: Redefining \[ on input line 2817.
LaTeX Info: Redefining \] on input line 2818.
)
(c:/ProgramPool/texlive/2018/texmf-dist/tex/latex/amsfonts/amssymb.sty
Package: amssymb 2013/01/14 v3.01 AMS font symbols

(c:/ProgramPool/texlive/2018/texmf-dist/tex/latex/amsfonts/amsfonts.sty
Package: amsfonts 2013/01/14 v3.01 Basic AMSFonts support
\symAMSa=\mathgroup4
\symAMSb=\mathgroup5
LaTeX Font Info:    Overwriting math alphabet `\mathfrak' in version `bold'
(Font)                  U/euf/m/n --> U/euf/b/n on input line 106.
))
(c:/ProgramPool/texlive/2018/texmf-dist/tex/latex/amscls/amsthm.sty
Package: amsthm 2017/10/31 v2.20.4
\thm@style=\toks20
\thm@bodyfont=\toks21
\thm@headfont=\toks22
\thm@notefont=\toks23
\thm@headpunct=\toks24
\thm@preskip=\skip46
\thm@postskip=\skip47
\thm@headsep=\skip48
\dth@everypar=\toks25
)
(c:/ProgramPool/texlive/2018/texmf-dist/tex/latex/boxedminipage/boxedminipage.s
ty) (c:/ProgramPool/texlive/2018/texmf-dist/tex/latex/xcolor/xcolor.sty
Package: xcolor 2016/05/11 v2.12 LaTeX color extensions (UK)

(c:/ProgramPool/texlive/2018/texmf-dist/tex/latex/graphics-cfg/color.cfg
File: color.cfg 2016/01/02 v1.6 sample color configuration
)
Package xcolor Info: Driver file: pdftex.def on input line 225.
Package xcolor Info: Model `cmy' substituted by `cmy0' on input line 1348.
Package xcolor Info: Model `hsb' substituted by `rgb' on input line 1352.
Package xcolor Info: Model `RGB' extended on input line 1364.
Package xcolor Info: Model `HTML' substituted by `rgb' on input line 1366.
Package xcolor Info: Model `Hsb' substituted by `hsb' on input line 1367.
Package xcolor Info: Model `tHsb' substituted by `hsb' on input line 1368.
Package xcolor Info: Model `HSB' substituted by `hsb' on input line 1369.
Package xcolor Info: Model `Gray' substituted by `gray' on input line 1370.
Package xcolor Info: Model `wave' substituted by `hsb' on input line 1371.
)
(c:/ProgramPool/texlive/2018/texmf-dist/tex/latex/caption/subcaption.sty
Package: subcaption 2016/05/22 v1.1-161 Sub-captions (AR)

(c:/ProgramPool/texlive/2018/texmf-dist/tex/latex/caption/caption.sty
Package: caption 2016/02/21 v3.3-144 Customizing captions (AR)

(c:/ProgramPool/texlive/2018/texmf-dist/tex/latex/caption/caption3.sty
Package: caption3 2016/05/22 v1.7-166 caption3 kernel (AR)
Package caption3 Info: TeX engine: e-TeX on input line 67.
\captionmargin=\dimen114
\captionmargin@=\dimen115
\captionwidth=\dimen116
\caption@tempdima=\dimen117
\caption@indent=\dimen118
\caption@parindent=\dimen119
\caption@hangindent=\dimen120
)
\c@ContinuedFloat=\count100
)
\c@subfigure=\count101
\c@subtable=\count102
)
(c:/ProgramPool/texlive/2018/texmf-dist/tex/latex/algorithms/algorithm.sty
Package: algorithm 2009/08/24 v0.1 Document Style `algorithm' - floating enviro
nment

(c:/ProgramPool/texlive/2018/texmf-dist/tex/latex/float/float.sty
Package: float 2001/11/08 v1.3d Float enhancements (AL)
\c@float@type=\count103
\float@exts=\toks26
\float@box=\box28
\@float@everytoks=\toks27
\@floatcapt=\box29
)
(c:/ProgramPool/texlive/2018/texmf-dist/tex/latex/base/ifthen.sty
Package: ifthen 2014/09/29 v1.1c Standard LaTeX ifthen package (DPC)
)
\@float@every@algorithm=\toks28
\c@algorithm=\count104
)
(c:/ProgramPool/texlive/2018/texmf-dist/tex/latex/algorithmicx/algpseudocode.st
y
Package: algpseudocode 

(c:/ProgramPool/texlive/2018/texmf-dist/tex/latex/algorithmicx/algorithmicx.sty
Package: algorithmicx 2005/04/27 v1.2 Algorithmicx
Document Style algorithmicx 1.2 - a greatly improved `algorithmic' style
\c@ALG@line=\count105
\c@ALG@rem=\count106
\c@ALG@nested=\count107
\ALG@tlm=\skip49
\ALG@thistlm=\skip50
\c@ALG@Lnr=\count108
\c@ALG@blocknr=\count109
\c@ALG@storecount=\count110
\c@ALG@tmpcounter=\count111
\ALG@tmplength=\skip51
)
Document Style - pseudocode environments for use with the `algorithmicx' style
)
\c@theorem=\count112
)

LaTeX Warning: Unused global option(s):
    [a4].

(./hm03_navigator_1.aux)
\openout1 = `hm03_navigator_1.aux'.

LaTeX Font Info:    Checking defaults for OML/cmm/m/it on input line 10.
LaTeX Font Info:    ... okay on input line 10.
LaTeX Font Info:    Checking defaults for T1/cmr/m/n on input line 10.
LaTeX Font Info:    ... okay on input line 10.
LaTeX Font Info:    Checking defaults for OT1/cmr/m/n on input line 10.
LaTeX Font Info:    ... okay on input line 10.
LaTeX Font Info:    Checking defaults for OMS/cmsy/m/n on input line 10.
LaTeX Font Info:    ... okay on input line 10.
LaTeX Font Info:    Checking defaults for OMX/cmex/m/n on input line 10.
LaTeX Font Info:    ... okay on input line 10.
LaTeX Font Info:    Checking defaults for U/cmr/m/n on input line 10.
LaTeX Font Info:    ... okay on input line 10.

(c:/ProgramPool/texlive/2018/texmf-dist/tex/context/base/mkii/supp-pdf.mkii
[Loading MPS to PDF converter (version 2006.09.02).]
\scratchcounter=\count113
\scratchdimen=\dimen121
\scratchbox=\box30
\nofMPsegments=\count114
\nofMParguments=\count115
\everyMPshowfont=\toks29
\MPscratchCnt=\count116
\MPscratchDim=\dimen122
\MPnumerator=\count117
\makeMPintoPDFobject=\count118
\everyMPtoPDFconversion=\toks30
) (c:/ProgramPool/texlive/2018/texmf-dist/tex/latex/oberdiek/epstopdf-base.sty
Package: epstopdf-base 2016/05/15 v2.6 Base part for package epstopdf

(c:/ProgramPool/texlive/2018/texmf-dist/tex/generic/oberdiek/infwarerr.sty
Package: infwarerr 2016/05/16 v1.4 Providing info/warning/error messages (HO)
)
(c:/ProgramPool/texlive/2018/texmf-dist/tex/latex/oberdiek/grfext.sty
Package: grfext 2016/05/16 v1.2 Manage graphics extensions (HO)

(c:/ProgramPool/texlive/2018/texmf-dist/tex/generic/oberdiek/kvdefinekeys.sty
Package: kvdefinekeys 2016/05/16 v1.4 Define keys (HO)

(c:/ProgramPool/texlive/2018/texmf-dist/tex/generic/oberdiek/ltxcmds.sty
Package: ltxcmds 2016/05/16 v1.23 LaTeX kernel commands for general use (HO)
)))
(c:/ProgramPool/texlive/2018/texmf-dist/tex/latex/oberdiek/kvoptions.sty
Package: kvoptions 2016/05/16 v3.12 Key value format for package options (HO)

(c:/ProgramPool/texlive/2018/texmf-dist/tex/generic/oberdiek/kvsetkeys.sty
Package: kvsetkeys 2016/05/16 v1.17 Key value parser (HO)

(c:/ProgramPool/texlive/2018/texmf-dist/tex/generic/oberdiek/etexcmds.sty
Package: etexcmds 2016/05/16 v1.6 Avoid name clashes with e-TeX commands (HO)

(c:/ProgramPool/texlive/2018/texmf-dist/tex/generic/oberdiek/ifluatex.sty
Package: ifluatex 2016/05/16 v1.4 Provides the ifluatex switch (HO)
Package ifluatex Info: LuaTeX not detected.
)
Package etexcmds Info: Could not find \expanded.
(etexcmds)             That can mean that you are not using pdfTeX 1.50 or
(etexcmds)             that some package has redefined \expanded.
(etexcmds)             In the latter case, load this package earlier.
)))
(c:/ProgramPool/texlive/2018/texmf-dist/tex/generic/oberdiek/pdftexcmds.sty
Package: pdftexcmds 2018/01/30 v0.27 Utility functions of pdfTeX for LuaTeX (HO
)

(c:/ProgramPool/texlive/2018/texmf-dist/tex/generic/oberdiek/ifpdf.sty
Package: ifpdf 2017/03/15 v3.2 Provides the ifpdf switch
)
Package pdftexcmds Info: LuaTeX not detected.
Package pdftexcmds Info: \pdf@primitive is available.
Package pdftexcmds Info: \pdf@ifprimitive is available.
Package pdftexcmds Info: \pdfdraftmode found.
)
Package epstopdf-base Info: Redefining graphics rule for `.eps' on input line 4
38.
Package grfext Info: Graphics extension search list:
(grfext)             [.pdf,.png,.jpg,.mps,.jpeg,.jbig2,.jb2,.PDF,.PNG,.JPG,.JPE
G,.JBIG2,.JB2,.eps]
(grfext)             \AppendGraphicsExtensions on input line 456.

(c:/ProgramPool/texlive/2018/texmf-dist/tex/latex/latexconfig/epstopdf-sys.cfg
File: epstopdf-sys.cfg 2010/07/13 v1.3 Configuration of (r)epstopdf for TeX Liv
e
))
Package caption Info: Begin \AtBeginDocument code.
Package caption Info: float package is loaded.
Package caption Info: End \AtBeginDocument code.
LaTeX Font Info:    Try loading font information for U+msa on input line 12.
 (c:/ProgramPool/texlive/2018/texmf-dist/tex/latex/amsfonts/umsa.fd
File: umsa.fd 2013/01/14 v3.01 AMS symbols A
)
LaTeX Font Info:    Try loading font information for U+msb on input line 12.

(c:/ProgramPool/texlive/2018/texmf-dist/tex/latex/amsfonts/umsb.fd
File: umsb.fd 2013/01/14 v3.01 AMS symbols B
)

LaTeX Warning: No \author given.

[1

{c:/ProgramPool/texlive/2018/texmf-var/fonts/map/pdftex/updmap/pdftex.map}]

Package amsmath Warning: Foreign command \atopwithdelims;
(amsmath)                \frac or \genfrac should be used instead
(amsmath)                 on input line 65.

LaTeX Font Info:    Try loading font information for OMS+cmr on input line 78.
(c:/ProgramPool/texlive/2018/texmf-dist/tex/latex/base/omscmr.fd
File: omscmr.fd 2014/09/29 v2.5h Standard LaTeX font definitions
)
LaTeX Font Info:    Font shape `OMS/cmr/m/n' in size <12> not available
(Font)              Font shape `OMS/cmsy/m/n' tried instead on input line 78.
 [2]
<figures/Fig-3-1a.PNG, id=24, 284.7438pt x 240.4182pt>
File: figures/Fig-3-1a.PNG Graphic file (type png)
<use figures/Fig-3-1a.PNG>
Package pdftex.def Info: figures/Fig-3-1a.PNG  used on input line 109.
(pdftex.def)             Requested size: 195.0pt x 164.64877pt.
<figures/Fig-3-1b.PNG, id=26, 242.3454pt x 212.9556pt>
File: figures/Fig-3-1b.PNG Graphic file (type png)
<use figures/Fig-3-1b.PNG>
Package pdftex.def Info: figures/Fig-3-1b.PNG  used on input line 114.
(pdftex.def)             Requested size: 165.75119pt x 145.64948pt.

Overfull \hbox (2.61108pt too wide) in paragraph at lines 107--117
[]$[]$ $[]$ 
 []

[3]
<figures/1.jpg, id=30, 555.57562pt x 351.93985pt>
File: figures/1.jpg Graphic file (type jpg)
<use figures/1.jpg>
Package pdftex.def Info: figures/1.jpg  used on input line 140.
(pdftex.def)             Requested size: 195.0pt x 123.52448pt.
 [4 <./figures/Fig-3-1a.png> <./figures/Fig-3-1b.png>]
<figures/e33_p1.jpg, id=37, 2065.7175pt x 2130.45938pt>
File: figures/e33_p1.jpg Graphic file (type jpg)
<use figures/e33_p1.jpg>
Package pdftex.def Info: figures/e33_p1.jpg  used on input line 169.
(pdftex.def)             Requested size: 234.00238pt x 241.308pt.
 [5 <./figures/1.jpg>] [6 <./figures/e33_p1.jpg>]
<figures/e33_p2.jpg, id=44, 1408.51219pt x 1313.6578pt>
File: figures/e33_p2.jpg Graphic file (type jpg)
<use figures/e33_p2.jpg>
Package pdftex.def Info: figures/e33_p2.jpg  used on input line 203.
(pdftex.def)             Requested size: 155.99762pt x 145.485pt.
 [7 <./figures/e33_p2.jpg>]
Overfull \hbox (56.59962pt too wide) in paragraph at lines 260--261
\OT1/cmr/m/n/12 We de-note these seven ter-mi-na-tion states $\OMS/cmsy/m/n/12 
f\OT1/cmr/m/n/12 1011\OML/cmm/m/it/12 ; \OT1/cmr/m/n/12 1000\OML/cmm/m/it/12 ; 
\OT1/cmr/m/n/12 1001\OML/cmm/m/it/12 ; \OT1/cmr/m/n/12 1010\OML/cmm/m/it/12 ; \
OT1/cmr/m/n/12 0011\OML/cmm/m/it/12 ; \OT1/cmr/m/n/12 0111\OML/cmm/m/it/12 ; \O
T1/cmr/m/n/12 1111\OMS/cmsy/m/n/12 g$
 []


Overfull \hbox (61.48225pt too wide) in paragraph at lines 260--261
\OT1/cmr/m/n/12 as $\OMS/cmsy/m/n/12 f\OML/cmm/m/it/12 T[]; T[]; []  ; T[]\OMS/
cmsy/m/n/12 g$\OT1/cmr/m/n/12 . Also, we de-note nine in-ter-me-di-ate states $
\OMS/cmsy/m/n/12 f\OT1/cmr/m/n/12 0000\OML/cmm/m/it/12 ; \OT1/cmr/m/n/12 0100\O
ML/cmm/m/it/12 ; \OT1/cmr/m/n/12 1100\OML/cmm/m/it/12 ; \OT1/cmr/m/n/12 0001[] 

 []

[8]
<figures/T-structure.jpeg, id=52, 1646.15pt x 1548.78625pt>
File: figures/T-structure.jpeg Graphic file (type jpg)
<use figures/T-structure.jpeg>
Package pdftex.def Info: figures/T-structure.jpeg  used on input line 279.
(pdftex.def)             Requested size: 350.99762pt x 330.24118pt.
 [9] [10 <./figures/T-structure.jpeg>] [11] [12] (./hm03_navigator_1.aux) ) 
Here is how much of TeX's memory you used:
 4715 strings out of 492649
 68428 string characters out of 6127709
 142850 words of memory out of 5000000
 8512 multiletter control sequences out of 15000+600000
 14041 words of font info for 54 fonts, out of 8000000 for 9000
 1141 hyphenation exceptions out of 8191
 44i,16n,40p,411b,615s stack positions out of 5000i,500n,10000p,200000b,80000s
<c:/
ProgramPool/texlive/2018/texmf-dist/fonts/type1/public/amsfonts/cm/cmbx12.pfb><
c:/ProgramPool/texlive/2018/texmf-dist/fonts/type1/public/amsfonts/cm/cmex10.pf
b><c:/ProgramPool/texlive/2018/texmf-dist/fonts/type1/public/amsfonts/cm/cmmi10
.pfb><c:/ProgramPool/texlive/2018/texmf-dist/fonts/type1/public/amsfonts/cm/cmm
i12.pfb><c:/ProgramPool/texlive/2018/texmf-dist/fonts/type1/public/amsfonts/cm/
cmmi7.pfb><c:/ProgramPool/texlive/2018/texmf-dist/fonts/type1/public/amsfonts/c
m/cmmi8.pfb><c:/ProgramPool/texlive/2018/texmf-dist/fonts/type1/public/amsfonts
/cm/cmr10.pfb><c:/ProgramPool/texlive/2018/texmf-dist/fonts/type1/public/amsfon
ts/cm/cmr12.pfb><c:/ProgramPool/texlive/2018/texmf-dist/fonts/type1/public/amsf
onts/cm/cmr17.pfb><c:/ProgramPool/texlive/2018/texmf-dist/fonts/type1/public/am
sfonts/cm/cmr7.pfb><c:/ProgramPool/texlive/2018/texmf-dist/fonts/type1/public/a
msfonts/cm/cmr8.pfb><c:/ProgramPool/texlive/2018/texmf-dist/fonts/type1/public/
amsfonts/cm/cmsy10.pfb><c:/ProgramPool/texlive/2018/texmf-dist/fonts/type1/publ
ic/amsfonts/cm/cmsy8.pfb><c:/ProgramPool/texlive/2018/texmf-dist/fonts/type1/pu
blic/amsfonts/cm/cmti10.pfb><c:/ProgramPool/texlive/2018/texmf-dist/fonts/type1
/public/amsfonts/cm/cmti12.pfb><c:/ProgramPool/texlive/2018/texmf-dist/fonts/ty
pe1/public/amsfonts/symbols/msbm10.pfb>
Output written on hm03_navigator_1.pdf (12 pages, 1633950 bytes).
PDF statistics:
 116 PDF objects out of 1000 (max. 8388607)
 77 compressed objects within 1 object stream
 0 named destinations out of 1000 (max. 500000)
 31 words of extra memory for PDF output out of 10000 (max. 10000000)

