This is pdfTeX, Version 3.14159265-2.6-1.40.19 (TeX Live 2018/W32TeX) (preloaded format=pdflatex 2019.3.5)  3 APR 2019 21:01
entering extended mode
 restricted \write18 enabled.
 %&-line parsing enabled.
**homework-05-graph-score-theorem
(./homework-05-graph-score-theorem.tex
LaTeX2e <2018-04-01> patch level 2
Babel <3.18> and hyphenation patterns for 84 language(s) loaded.
(c:/ProgramPool/texlive/2018/texmf-dist/tex/latex/base/article.cls
Document Class: article 2014/09/29 v1.4h Standard LaTeX document class
(c:/ProgramPool/texlive/2018/texmf-dist/tex/latex/base/size12.clo
File: size12.clo 2014/09/29 v1.4h Standard LaTeX file (size option)
)
\c@part=\count80
\c@section=\count81
\c@subsection=\count82
\c@subsubsection=\count83
\c@paragraph=\count84
\c@subparagraph=\count85
\c@figure=\count86
\c@table=\count87
\abovecaptionskip=\skip41
\belowcaptionskip=\skip42
\bibindent=\dimen102
)
(./preamble.tex
(c:/ProgramPool/texlive/2018/texmf-dist/tex/latex/graphics/graphicx.sty
Package: graphicx 2017/06/01 v1.1a Enhanced LaTeX Graphics (DPC,SPQR)

(c:/ProgramPool/texlive/2018/texmf-dist/tex/latex/graphics/keyval.sty
Package: keyval 2014/10/28 v1.15 key=value parser (DPC)
\KV@toks@=\toks14
)
(c:/ProgramPool/texlive/2018/texmf-dist/tex/latex/graphics/graphics.sty
Package: graphics 2017/06/25 v1.2c Standard LaTeX Graphics (DPC,SPQR)

(c:/ProgramPool/texlive/2018/texmf-dist/tex/latex/graphics/trig.sty
Package: trig 2016/01/03 v1.10 sin cos tan (DPC)
)
(c:/ProgramPool/texlive/2018/texmf-dist/tex/latex/graphics-cfg/graphics.cfg
File: graphics.cfg 2016/06/04 v1.11 sample graphics configuration
)
Package graphics Info: Driver file: pdftex.def on input line 99.

(c:/ProgramPool/texlive/2018/texmf-dist/tex/latex/graphics-def/pdftex.def
File: pdftex.def 2018/01/08 v1.0l Graphics/color driver for pdftex
))
\Gin@req@height=\dimen103
\Gin@req@width=\dimen104
)
(c:/ProgramPool/texlive/2018/texmf-dist/tex/latex/amsmath/amsmath.sty
Package: amsmath 2017/09/02 v2.17a AMS math features
\@mathmargin=\skip43

For additional information on amsmath, use the `?' option.
(c:/ProgramPool/texlive/2018/texmf-dist/tex/latex/amsmath/amstext.sty
Package: amstext 2000/06/29 v2.01 AMS text

(c:/ProgramPool/texlive/2018/texmf-dist/tex/latex/amsmath/amsgen.sty
File: amsgen.sty 1999/11/30 v2.0 generic functions
\@emptytoks=\toks15
\ex@=\dimen105
))
(c:/ProgramPool/texlive/2018/texmf-dist/tex/latex/amsmath/amsbsy.sty
Package: amsbsy 1999/11/29 v1.2d Bold Symbols
\pmbraise@=\dimen106
)
(c:/ProgramPool/texlive/2018/texmf-dist/tex/latex/amsmath/amsopn.sty
Package: amsopn 2016/03/08 v2.02 operator names
)
\inf@bad=\count88
LaTeX Info: Redefining \frac on input line 213.
\uproot@=\count89
\leftroot@=\count90
LaTeX Info: Redefining \overline on input line 375.
\classnum@=\count91
\DOTSCASE@=\count92
LaTeX Info: Redefining \ldots on input line 472.
LaTeX Info: Redefining \dots on input line 475.
LaTeX Info: Redefining \cdots on input line 596.
\Mathstrutbox@=\box26
\strutbox@=\box27
\big@size=\dimen107
LaTeX Font Info:    Redeclaring font encoding OML on input line 712.
LaTeX Font Info:    Redeclaring font encoding OMS on input line 713.
\macc@depth=\count93
\c@MaxMatrixCols=\count94
\dotsspace@=\muskip10
\c@parentequation=\count95
\dspbrk@lvl=\count96
\tag@help=\toks16
\row@=\count97
\column@=\count98
\maxfields@=\count99
\andhelp@=\toks17
\eqnshift@=\dimen108
\alignsep@=\dimen109
\tagshift@=\dimen110
\tagwidth@=\dimen111
\totwidth@=\dimen112
\lineht@=\dimen113
\@envbody=\toks18
\multlinegap=\skip44
\multlinetaggap=\skip45
\mathdisplay@stack=\toks19
LaTeX Info: Redefining \[ on input line 2817.
LaTeX Info: Redefining \] on input line 2818.
)
(c:/ProgramPool/texlive/2018/texmf-dist/tex/latex/amsfonts/amssymb.sty
Package: amssymb 2013/01/14 v3.01 AMS font symbols

(c:/ProgramPool/texlive/2018/texmf-dist/tex/latex/amsfonts/amsfonts.sty
Package: amsfonts 2013/01/14 v3.01 Basic AMSFonts support
\symAMSa=\mathgroup4
\symAMSb=\mathgroup5
LaTeX Font Info:    Overwriting math alphabet `\mathfrak' in version `bold'
(Font)                  U/euf/m/n --> U/euf/b/n on input line 106.
))
(c:/ProgramPool/texlive/2018/texmf-dist/tex/latex/amscls/amsthm.sty
Package: amsthm 2017/10/31 v2.20.4
\thm@style=\toks20
\thm@bodyfont=\toks21
\thm@headfont=\toks22
\thm@notefont=\toks23
\thm@headpunct=\toks24
\thm@preskip=\skip46
\thm@postskip=\skip47
\thm@headsep=\skip48
\dth@everypar=\toks25
)
(c:/ProgramPool/texlive/2018/texmf-dist/tex/latex/boxedminipage/boxedminipage.s
ty) (c:/ProgramPool/texlive/2018/texmf-dist/tex/latex/xcolor/xcolor.sty
Package: xcolor 2016/05/11 v2.12 LaTeX color extensions (UK)

(c:/ProgramPool/texlive/2018/texmf-dist/tex/latex/graphics-cfg/color.cfg
File: color.cfg 2016/01/02 v1.6 sample color configuration
)
Package xcolor Info: Driver file: pdftex.def on input line 225.
Package xcolor Info: Model `cmy' substituted by `cmy0' on input line 1348.
Package xcolor Info: Model `hsb' substituted by `rgb' on input line 1352.
Package xcolor Info: Model `RGB' extended on input line 1364.
Package xcolor Info: Model `HTML' substituted by `rgb' on input line 1366.
Package xcolor Info: Model `Hsb' substituted by `hsb' on input line 1367.
Package xcolor Info: Model `tHsb' substituted by `hsb' on input line 1368.
Package xcolor Info: Model `HSB' substituted by `hsb' on input line 1369.
Package xcolor Info: Model `Gray' substituted by `gray' on input line 1370.
Package xcolor Info: Model `wave' substituted by `hsb' on input line 1371.
)
(c:/ProgramPool/texlive/2018/texmf-dist/tex/latex/algorithms/algorithm.sty
Package: algorithm 2009/08/24 v0.1 Document Style `algorithm' - floating enviro
nment

(c:/ProgramPool/texlive/2018/texmf-dist/tex/latex/float/float.sty
Package: float 2001/11/08 v1.3d Float enhancements (AL)
\c@float@type=\count100
\float@exts=\toks26
\float@box=\box28
\@float@everytoks=\toks27
\@floatcapt=\box29
)
(c:/ProgramPool/texlive/2018/texmf-dist/tex/latex/base/ifthen.sty
Package: ifthen 2014/09/29 v1.1c Standard LaTeX ifthen package (DPC)
)
\@float@every@algorithm=\toks28
\c@algorithm=\count101
)
(c:/ProgramPool/texlive/2018/texmf-dist/tex/latex/algorithmicx/algpseudocode.st
y
Package: algpseudocode 

(c:/ProgramPool/texlive/2018/texmf-dist/tex/latex/algorithmicx/algorithmicx.sty
Package: algorithmicx 2005/04/27 v1.2 Algorithmicx
Document Style algorithmicx 1.2 - a greatly improved `algorithmic' style
\c@ALG@line=\count102
\c@ALG@rem=\count103
\c@ALG@nested=\count104
\ALG@tlm=\skip49
\ALG@thistlm=\skip50
\c@ALG@Lnr=\count105
\c@ALG@blocknr=\count106
\c@ALG@storecount=\count107
\c@ALG@tmpcounter=\count108
\ALG@tmplength=\skip51
)
Document Style - pseudocode environments for use with the `algorithmicx' style
)
\c@theorem=\count109
)

LaTeX Warning: Unused global option(s):
    [a4].

(./homework-05-graph-score-theorem.aux)
\openout1 = `homework-05-graph-score-theorem.aux'.

LaTeX Font Info:    Checking defaults for OML/cmm/m/it on input line 3.
LaTeX Font Info:    ... okay on input line 3.
LaTeX Font Info:    Checking defaults for T1/cmr/m/n on input line 3.
LaTeX Font Info:    ... okay on input line 3.
LaTeX Font Info:    Checking defaults for OT1/cmr/m/n on input line 3.
LaTeX Font Info:    ... okay on input line 3.
LaTeX Font Info:    Checking defaults for OMS/cmsy/m/n on input line 3.
LaTeX Font Info:    ... okay on input line 3.
LaTeX Font Info:    Checking defaults for OMX/cmex/m/n on input line 3.
LaTeX Font Info:    ... okay on input line 3.
LaTeX Font Info:    Checking defaults for U/cmr/m/n on input line 3.
LaTeX Font Info:    ... okay on input line 3.

(c:/ProgramPool/texlive/2018/texmf-dist/tex/context/base/mkii/supp-pdf.mkii
[Loading MPS to PDF converter (version 2006.09.02).]
\scratchcounter=\count110
\scratchdimen=\dimen114
\scratchbox=\box30
\nofMPsegments=\count111
\nofMParguments=\count112
\everyMPshowfont=\toks29
\MPscratchCnt=\count113
\MPscratchDim=\dimen115
\MPnumerator=\count114
\makeMPintoPDFobject=\count115
\everyMPtoPDFconversion=\toks30
) (c:/ProgramPool/texlive/2018/texmf-dist/tex/latex/oberdiek/epstopdf-base.sty
Package: epstopdf-base 2016/05/15 v2.6 Base part for package epstopdf

(c:/ProgramPool/texlive/2018/texmf-dist/tex/generic/oberdiek/infwarerr.sty
Package: infwarerr 2016/05/16 v1.4 Providing info/warning/error messages (HO)
)
(c:/ProgramPool/texlive/2018/texmf-dist/tex/latex/oberdiek/grfext.sty
Package: grfext 2016/05/16 v1.2 Manage graphics extensions (HO)

(c:/ProgramPool/texlive/2018/texmf-dist/tex/generic/oberdiek/kvdefinekeys.sty
Package: kvdefinekeys 2016/05/16 v1.4 Define keys (HO)

(c:/ProgramPool/texlive/2018/texmf-dist/tex/generic/oberdiek/ltxcmds.sty
Package: ltxcmds 2016/05/16 v1.23 LaTeX kernel commands for general use (HO)
)))
(c:/ProgramPool/texlive/2018/texmf-dist/tex/latex/oberdiek/kvoptions.sty
Package: kvoptions 2016/05/16 v3.12 Key value format for package options (HO)

(c:/ProgramPool/texlive/2018/texmf-dist/tex/generic/oberdiek/kvsetkeys.sty
Package: kvsetkeys 2016/05/16 v1.17 Key value parser (HO)

(c:/ProgramPool/texlive/2018/texmf-dist/tex/generic/oberdiek/etexcmds.sty
Package: etexcmds 2016/05/16 v1.6 Avoid name clashes with e-TeX commands (HO)

(c:/ProgramPool/texlive/2018/texmf-dist/tex/generic/oberdiek/ifluatex.sty
Package: ifluatex 2016/05/16 v1.4 Provides the ifluatex switch (HO)
Package ifluatex Info: LuaTeX not detected.
)
Package etexcmds Info: Could not find \expanded.
(etexcmds)             That can mean that you are not using pdfTeX 1.50 or
(etexcmds)             that some package has redefined \expanded.
(etexcmds)             In the latter case, load this package earlier.
)))
(c:/ProgramPool/texlive/2018/texmf-dist/tex/generic/oberdiek/pdftexcmds.sty
Package: pdftexcmds 2018/01/30 v0.27 Utility functions of pdfTeX for LuaTeX (HO
)

(c:/ProgramPool/texlive/2018/texmf-dist/tex/generic/oberdiek/ifpdf.sty
Package: ifpdf 2017/03/15 v3.2 Provides the ifpdf switch
)
Package pdftexcmds Info: LuaTeX not detected.
Package pdftexcmds Info: \pdf@primitive is available.
Package pdftexcmds Info: \pdf@ifprimitive is available.
Package pdftexcmds Info: \pdfdraftmode found.
)
Package epstopdf-base Info: Redefining graphics rule for `.eps' on input line 4
38.
Package grfext Info: Graphics extension search list:
(grfext)             [.pdf,.png,.jpg,.mps,.jpeg,.jbig2,.jb2,.PDF,.PNG,.JPG,.JPE
G,.JBIG2,.JB2,.eps]
(grfext)             \AppendGraphicsExtensions on input line 456.

(c:/ProgramPool/texlive/2018/texmf-dist/tex/latex/latexconfig/epstopdf-sys.cfg
File: epstopdf-sys.cfg 2010/07/13 v1.3 Configuration of (r)epstopdf for TeX Liv
e
))
LaTeX Font Info:    Try loading font information for U+msa on input line 12.
 (c:/ProgramPool/texlive/2018/texmf-dist/tex/latex/amsfonts/umsa.fd
File: umsa.fd 2013/01/14 v3.01 AMS symbols A
)
LaTeX Font Info:    Try loading font information for U+msb on input line 12.

(c:/ProgramPool/texlive/2018/texmf-dist/tex/latex/amsfonts/umsb.fd
File: umsb.fd 2013/01/14 v3.01 AMS symbols B
) [1

{c:/ProgramPool/texlive/2018/texmf-var/fonts/map/pdftex/updmap/pdftex.map}]
LaTeX Font Info:    Try loading font information for OMS+cmr on input line 26.

(c:/ProgramPool/texlive/2018/texmf-dist/tex/latex/base/omscmr.fd
File: omscmr.fd 2014/09/29 v2.5h Standard LaTeX font definitions
)
LaTeX Font Info:    Font shape `OMS/cmr/m/n' in size <12> not available
(Font)              Font shape `OMS/cmsy/m/n' tried instead on input line 26.
<1.jpg, id=8, 312.7936pt x 97.11281pt>
File: 1.jpg Graphic file (type jpg)
<use 1.jpg>
Package pdftex.def Info: 1.jpg  used on input line 81.
(pdftex.def)             Requested size: 195.0pt x 60.54272pt.
 [2]

Package amsmath Warning: Foreign command \atopwithdelims;
(amsmath)                \frac or \genfrac should be used instead
(amsmath)                 on input line 94.

<figures/multigraph-score.pdf, id=19, 135.90775pt x 105.9438pt>
File: figures/multigraph-score.pdf Graphic file (type pdf)
<use figures/multigraph-score.pdf>
Package pdftex.def Info: figures/multigraph-score.pdf  used on input line 102.
(pdftex.def)             Requested size: 97.5pt x 76.00302pt.

Overfull \hbox (4.18526pt too wide) in paragraph at lines 114--116
\OT1/cmr/m/it/12 a multi-graph with this score if and only if \OT1/cmtt/m/n/12 
<fill in some simple criterion
 []

[3 <./1.jpg> <./figures/multigraph-score.pdf>]
Underfull \hbox (badness 10000) in paragraph at lines 151--155

 []

<2.jpg, id=30, 549.17671pt x 229.60782pt>
File: 2.jpg Graphic file (type jpg)
<use 2.jpg>
Package pdftex.def Info: 2.jpg  used on input line 176.
(pdftex.def)             Requested size: 195.0pt x 81.5271pt.
[4 <./2.jpg>]
<3.jpg, id=35, 412.91766pt x 159.21985pt>
File: 3.jpg Graphic file (type jpg)
<use 3.jpg>
Package pdftex.def Info: 3.jpg  used on input line 206.
(pdftex.def)             Requested size: 195.0pt x 75.1929pt.
 [5 <./3.jpg>]
<figures/weighted-graph-score.pdf, id=40, 135.90775pt x 96.92813pt>
File: figures/weighted-graph-score.pdf Graphic file (type pdf)
<use figures/weighted-graph-score.pdf>
Package pdftex.def Info: figures/weighted-graph-score.pdf  used on input line 2
25.
(pdftex.def)             Requested size: 97.5pt x 69.53528pt.

Underfull \hbox (badness 10000) in paragraph at lines 252--256

 []

[6 <./figures/weighted-graph-score.pdf>]
<figures/arbitrary-weighted-graph-score.pdf, id=55, 135.90775pt x 98.12259pt>
File: figures/arbitrary-weighted-graph-score.pdf Graphic file (type pdf)
<use figures/arbitrary-weighted-graph-score.pdf>
Package pdftex.def Info: figures/arbitrary-weighted-graph-score.pdf  used on in
put line 265.
(pdftex.def)             Requested size: 97.5pt x 70.39217pt.
 [7 <./figures/arbitrary-weighted-graph-score.pdf>]
Overfull \hbox (0.8684pt too wide) in paragraph at lines 336--339
[]\OT1/cmr/bx/n/12 Exercise 5.12. []\OT1/cmr/m/n/12 For each stu-dent ID $(\OML
/cmm/m/it/12 a[]; [] ; a[]\OT1/cmr/m/n/12 )$ in your group, check whether
 []

[8]
<figures/sty.png, id=72, 445.665pt x 402.303pt>
File: figures/sty.png Graphic file (type png)
<use figures/sty.png>
Package pdftex.def Info: figures/sty.png  used on input line 378.
(pdftex.def)             Requested size: 195.0pt x 176.02553pt.
<4.jpg, id=73, 507.39563pt x 360.22078pt>
File: 4.jpg Graphic file (type jpg)
<use 4.jpg>
Package pdftex.def Info: 4.jpg  used on input line 382.
(pdftex.def)             Requested size: 195.0pt x 138.43532pt.
<5.jpg, id=74, 475.02469pt x 363.98485pt>
File: 5.jpg Graphic file (type jpg)
<use 5.jpg>
Package pdftex.def Info: 5.jpg  used on input line 387.
(pdftex.def)             Requested size: 195.0pt x 149.41803pt.
<p724.png, id=75, 310.15875pt x 276.28218pt>
File: p724.png Graphic file (type png)
<use p724.png>
Package pdftex.def Info: p724.png  used on input line 392.
(pdftex.def)             Requested size: 195.0pt x 173.70035pt.
<p540.png, id=76, 329.35547pt x 279.66985pt>
File: p540.png Graphic file (type png)
<use p540.png>
Package pdftex.def Info: p540.png  used on input line 397.
(pdftex.def)             Requested size: 195.0pt x 165.58414pt.
 [9] [10 <./figures/sty.png> <./4.jpg>] [11 <./5.jpg> <./p724.png>] [12 <./p540
.png>] (./homework-05-graph-score-theorem.aux) ) 
Here is how much of TeX's memory you used:
 3620 strings out of 492649
 48648 string characters out of 6127709
 126585 words of memory out of 5000000
 7421 multiletter control sequences out of 15000+600000
 11108 words of font info for 42 fonts, out of 8000000 for 9000
 1141 hyphenation exceptions out of 8191
 41i,20n,35p,484b,366s stack positions out of 5000i,500n,10000p,200000b,80000s
<c:/ProgramPool/texlive/2018/te
xmf-dist/fonts/type1/public/amsfonts/cm/cmbx12.pfb><c:/ProgramPool/texlive/2018
/texmf-dist/fonts/type1/public/amsfonts/cm/cmex10.pfb><c:/ProgramPool/texlive/2
018/texmf-dist/fonts/type1/public/amsfonts/cm/cmmi12.pfb><c:/ProgramPool/texliv
e/2018/texmf-dist/fonts/type1/public/amsfonts/cm/cmmi8.pfb><c:/ProgramPool/texl
ive/2018/texmf-dist/fonts/type1/public/amsfonts/cm/cmr12.pfb><c:/ProgramPool/te
xlive/2018/texmf-dist/fonts/type1/public/amsfonts/cm/cmr8.pfb><c:/ProgramPool/t
exlive/2018/texmf-dist/fonts/type1/public/amsfonts/cm/cmsy10.pfb><c:/ProgramPoo
l/texlive/2018/texmf-dist/fonts/type1/public/amsfonts/cm/cmsy8.pfb><c:/ProgramP
ool/texlive/2018/texmf-dist/fonts/type1/public/amsfonts/cm/cmti12.pfb><c:/Progr
amPool/texlive/2018/texmf-dist/fonts/type1/public/amsfonts/cm/cmtt12.pfb><c:/Pr
ogramPool/texlive/2018/texmf-dist/fonts/type1/public/amsfonts/symbols/msbm10.pf
b>
Output written on homework-05-graph-score-theorem.pdf (12 pages, 265644 bytes).

PDF statistics:
 127 PDF objects out of 1000 (max. 8388607)
 76 compressed objects within 1 object stream
 0 named destinations out of 1000 (max. 500000)
 56 words of extra memory for PDF output out of 10000 (max. 10000000)

